Build started 1/29/2018 4:49:20 PM.
     1>Project "D:\Programming\KylesAR\KylesAR\ext\hexmarker\hexmarker\hexmarker.vcxproj" on node 2 (Build target(s)).
     1>ClCompile:
         C:\Program Files (x86)\Microsoft Visual Studio 12.0\VC\bin\CL.exe /c /ZI /nologo /W3 /WX- /sdl /Od /Oy- /D WIN32 /D _DEBUG /D _CONSOLE /D _LIB /D _UNICODE /D UNICODE /Gm /EHsc /RTC1 /MDd /GS /fp:precise /Zc:wchar_t /Zc:forScope /Yu"stdafx.h" /Fp"Debug\hexmarker.pch" /Fo"Debug\\" /Fd"Debug\vc120.pdb" /Gd /TP /analyze- /errorReport:prompt hexmarker.cpp
         hexmarker.cpp
     1>d:\programming\kylesar\kylesar\ext\hexmarker\hexmarker\hexmarker.h(30): fatal error C1083: Cannot open include file: 'opencv2\core.hpp': No such file or directory
     1>Done Building Project "D:\Programming\KylesAR\KylesAR\ext\hexmarker\hexmarker\hexmarker.vcxproj" (Build target(s)) -- FAILED.

Build FAILED.

Time Elapsed 00:00:00.25
